app/build/intermediates/manifest_merge_blame_file/debug/manifest-merger-blame-debug-report.txt
1<?xml version="1.0" encoding="utf-8"?>
2<manifest xmlns:android="http://schemas.android.com/apk/res/android"
3    package="com.example.helloworld"
4    android:versionCode="1"
5    android:versionName="1.0" >
6
7    <uses-sdk
8        android:minSdkVersion="26"
8-->src\main\AndroidManifest.xml
9        android:targetSdkVersion="30" />
9-->src\main\AndroidManifest.xml
10
11    <uses-permission android:name="android.permission.CHANGE_WIFI_STATE" />
11-->src\main\AndroidManifest.xml:5:5-75
11-->src\main\AndroidManifest.xml:5:22-73
12    <uses-permission android:name="android.permission.ACCESS_WIFI_STATE" />
12-->src\main\AndroidManifest.xml:6:5-75
12-->src\main\AndroidManifest.xml:6:22-73
13
14    <application
14-->src\main\AndroidManifest.xml:8:5-32:19
15        android:allowBackup="true"
15-->src\main\AndroidManifest.xml:9:9-35
16        android:appComponentFactory="android.support.v4.app.CoreComponentFactory"
16-->[com.android.support:support-compat:28.0.0] AndroidManifest.xml:22:18-91
17        android:debuggable="true"
18        android:extractNativeLibs="false"
19        android:icon="@mipmap/ic_launcher"
19-->src\main\AndroidManifest.xml:10:9-43
20        android:label="E-Class"
20-->src\main\AndroidManifest.xml:11:9-32
21        android:roundIcon="@mipmap/ic_launcher_round"
21-->src\main\AndroidManifest.xml:12:9-54
22        android:supportsRtl="true"
22-->src\main\AndroidManifest.xml:13:9-35
23        android:testOnly="true"
24        android:theme="@style/AppTheme" >
24-->src\main\AndroidManifest.xml:14:9-40
25        <activity
25-->src\main\AndroidManifest.xml:15:9-18:68
26            android:name="com.example.helloworld.HomeActivity"
26-->src\main\AndroidManifest.xml:16:13-63
27            android:label="@string/title_activity_home"
27-->src\main\AndroidManifest.xml:17:13-56
28            android:theme="@style/AppTheme.NoActionBar" />
28-->src\main\AndroidManifest.xml:18:13-56
29        <activity android:name="com.example.helloworld.LoginActivity" >
29-->src\main\AndroidManifest.xml:19:9-25:20
29-->src\main\AndroidManifest.xml:19:19-48
30            <intent-filter>
30-->src\main\AndroidManifest.xml:20:13-24:29
31                <action android:name="android.intent.action.MAIN" />
31-->src\main\AndroidManifest.xml:21:17-69
31-->src\main\AndroidManifest.xml:21:25-66
32
33                <category android:name="android.intent.category.LAUNCHER" />
33-->src\main\AndroidManifest.xml:23:17-77
33-->src\main\AndroidManifest.xml:23:27-74
34            </intent-filter>
35        </activity>
36
37        <receiver
37-->src\main\AndroidManifest.xml:26:9-31:20
38            android:name="com.example.helloworld.ui.main.BroadcastReciver"
38-->src\main\AndroidManifest.xml:26:19-59
39            android:exported="true" >
39-->src\main\AndroidManifest.xml:26:60-83
40            <intent-filter>
40-->src\main\AndroidManifest.xml:27:13-30:29
41                <action android:name="android.intent.action.BOOT_COMPLETED" />
41-->src\main\AndroidManifest.xml:28:17-78
41-->src\main\AndroidManifest.xml:28:25-76
42                <action android:name="android.intent.action.INPUT_METHOD_CHANGED" />
42-->src\main\AndroidManifest.xml:29:17-84
42-->src\main\AndroidManifest.xml:29:25-82
43            </intent-filter>
44        </receiver>
45
46        <provider
46-->[android.arch.lifecycle:extensions:1.1.1] AndroidManifest.xml:23:9-27:43
47            android:name="android.arch.lifecycle.ProcessLifecycleOwnerInitializer"
47-->[android.arch.lifecycle:extensions:1.1.1] AndroidManifest.xml:24:13-83
48            android:authorities="com.example.helloworld.lifecycle-trojan"
48-->[android.arch.lifecycle:extensions:1.1.1] AndroidManifest.xml:25:13-68
49            android:exported="false"
49-->[android.arch.lifecycle:extensions:1.1.1] AndroidManifest.xml:26:13-37
50            android:multiprocess="true" />
50-->[android.arch.lifecycle:extensions:1.1.1] AndroidManifest.xml:27:13-40
51    </application>
52
53</manifest>